[    0.000000] Linux version 4.15.0-212-generic (buildd@lcy02-amd64-083) (gcc version 7.5.0 (Ubuntu 7.5.0-3ubuntu1~18.04)) #223-Ubuntu SMP Tue May 23 13:09:22 UTC 2023 (Ubuntu 4.15.0-212.223-generic 4.15.18)
[    0.000000] Command line: BOOT_IMAGE=/boot/vmlinuz-4.15.0-212-generic root=LABEL=cloudimg-rootfs ro console=tty1 console=ttyS0
[    0.000000] KERNEL supported cpus:
[    0.000000]   Intel GenuineIntel
[    0.000000]   AMD AuthenticAMD
[    0.000000]   Centaur CentaurHauls
[    0.000000] x86/fpu: Supporting XSAVE feature 0x001: 'x87 floating point registers'
[    0.000000] x86/fpu: Supporting XSAVE feature 0x002: 'SSE registers'
[    0.000000] x86/fpu: Supporting XSAVE feature 0x004: 'AVX registers'
[    0.000000] x86/fpu: xstate_offset[2]:  576, xstate_sizes[2]:  256
[    0.000000] x86/fpu: Enabled xstate features 0x7, context size is 832 bytes, using 'standard' format.
[    0.000000] e820: BIOS-provided physical RAM map:
[    0.000000] BIOS-e820: [mem 0x0000000000000000-0x000000000009fbff] usable
[    0.000000] BIOS-e820: [mem 0x000000000009fc00-0x000000000009ffff] reserved
[    0.000000] BIOS-e820: [mem 0x00000000000f0000-0x00000000000fffff] reserved
[    0.000000] BIOS-e820: [mem 0x0000000000100000-0x000000003ffeffff] usable
[    0.000000] BIOS-e820: [mem 0x000000003fff0000-0x000000003fffffff] ACPI data
[    0.000000] BIOS-e820: [mem 0x00000000fec00000-0x00000000fec00fff] reserved
[    0.000000] BIOS-e820: [mem 0x00000000fee00000-0x00000000fee00fff] reserved
[    0.000000] BIOS-e820: [mem 0x00000000fffc0000-0x00000000ffffffff] reserved
[    0.000000] NX (Execute Disable) protection: active
[    0.000000] SMBIOS 2.5 present.
[    0.000000] DMI: innotek GmbH VirtualBox/VirtualBox, BIOS VirtualBox 12/01/2006
[    0.000000] Hypervisor detected: KVM
[    0.000000] e820: last_pfn = 0x3fff0 max_arch_pfn = 0x400000000
[    0.000000] x86/PAT: Configuration [0-7]: WB  WC  UC- UC  WB  WP  UC- WT  
[    0.000000] found SMP MP-table at [mem 0x0009fbf0-0x0009fbff]
[    0.000000] Scanning 1 areas for low memory corruption
[    0.000000] RAMDISK: [mem 0x359cb000-0x36cdcfff]
[    0.000000] ACPI: Early table checksum verification disabled
[    0.000000] ACPI: RSDP 0x00000000000E0000 000024 (v02 VBOX  )
[    0.000000] ACPI: XSDT 0x000000003FFF0030 00003C (v01 VBOX   VBOXXSDT 00000001 ASL  00000061)
[    0.000000] ACPI: FACP 0x000000003FFF00F0 0000F4 (v04 VBOX   VBOXFACP 00000001 ASL  00000061)
[    0.000000] ACPI: DSDT 0x000000003FFF0610 002353 (v02 VBOX   VBOXBIOS 00000002 INTL 20240322)
[    0.000000] ACPI: FACS 0x000000003FFF0200 000040
[    0.000000] ACPI: FACS 0x000000003FFF0200 000040
[    0.000000] ACPI: APIC 0x000000003FFF0240 00005C (v02 VBOX   VBOXAPIC 00000001 ASL  00000061)
[    0.000000] ACPI: SSDT 0x000000003FFF02A0 00036C (v01 VBOX   VBOXCPUT 00000002 INTL 20240322)
[    0.000000] ACPI: Reserving FACP table memory at [mem 0x3fff00f0-0x3fff01e3]
[    0.000000] ACPI: Reserving DSDT table memory at [mem 0x3fff0610-0x3fff2962]
[    0.000000] ACPI: Reserving FACS table memory at [mem 0x3fff0200-0x3fff023f]
[    0.000000] ACPI: Reserving FACS table memory at [mem 0x3fff0200-0x3fff023f]
[    0.000000] ACPI: Reserving APIC table memory at [mem 0x3fff0240-0x3fff029b]
[    0.000000] ACPI: Reserving SSDT table memory at [mem 0x3fff02a0-0x3fff060b]
[    0.000000] No NUMA configuration found
[    0.000000] Faking a node at [mem 0x0000000000000000-0x000000003ffeffff]
[    0.000000] NODE_DATA(0) allocated [mem 0x3ffc5000-0x3ffeffff]
[    0.000000] kvm-clock: cpu 0, msr 0:3ff44001, primary cpu clock
[    0.000000] kvm-clock: Using msrs 4b564d01 and 4b564d00
[    0.000000] kvm-clock: using sched offset of 3450523808 cycles
[    0.000000] clocksource: kvm-clock: mask: 0xffffffffffffffff max_cycles: 0x1cd42e4dffb, max_idle_ns: 881590591483 ns
[    0.000000] Zone ranges:
[    0.000000]   DMA      [mem 0x0000000000001000-0x0000000000ffffff]
[    0.000000]   DMA32    [mem 0x0000000001000000-0x000000003ffeffff]
[    0.000000]   Normal   empty
[    0.000000]   Device   empty
[    0.000000] Movable zone start for each node
[    0.000000] Early memory node ranges
[    0.000000]   node   0: [mem 0x0000000000001000-0x000000000009efff]
[    0.000000]   node   0: [mem 0x0000000000100000-0x000000003ffeffff]
[    0.000000] Reserved but unavailable: 104 pages
[    0.000000] Initmem setup node 0 [mem 0x0000000000001000-0x000000003ffeffff]
[    0.000000] ACPI: PM-Timer IO Port: 0x4008
[    0.000000] IOAPIC[0]: apic_id 2, version 32, address 0xfec00000, GSI 0-23
[    0.000000] ACPI: INT_SRC_OVR (bus 0 bus_irq 0 global_irq 2 dfl dfl)
[    0.000000] ACPI: INT_SRC_OVR (bus 0 bus_irq 9 global_irq 9 low level)
[    0.000000] Using ACPI (MADT) for SMP configuration information
[    0.000000] smpboot: Allowing 2 CPUs, 0 hotplug CPUs
[    0.000000] PM: Registered nosave memory: [mem 0x00000000-0x00000fff]
[    0.000000] PM: Registered nosave memory: [mem 0x0009f000-0x0009ffff]
[    0.000000] PM: Registered nosave memory: [mem 0x000a0000-0x000effff]
[    0.000000] PM: Registered nosave memory: [mem 0x000f0000-0x000fffff]
[    0.000000] e820: [mem 0x40000000-0xfebfffff] available for PCI devices
[    0.000000] Booting paravirtualized kernel on KVM
[    0.000000] clocksource: refined-jiffies: mask: 0xffffffff max_cycles: 0xffffffff, max_idle_ns: 7645519600211568 ns
[    0.000000] setup_percpu: NR_CPUS:8192 nr_cpumask_bits:2 nr_cpu_ids:2 nr_node_ids:1
[    0.000000] percpu: Embedded 50 pages/cpu s167936 r8192 d28672 u1048576
[    0.000000] PV qspinlock hash table entries: 256 (order: 0, 4096 bytes)
[    0.000000] Built 1 zonelists, mobility grouping on.  Total pages: 257913
[    0.000000] Policy zone: DMA32
[    0.000000] Kernel command line: BOOT_IMAGE=/boot/vmlinuz-4.15.0-212-generic root=LABEL=cloudimg-rootfs ro console=tty1 console=ttyS0
[    0.000000] Memory: 982644K/1048120K available (12300K kernel code, 2477K rwdata, 4324K rodata, 2480K init, 2720K bss, 65476K reserved, 0K cma-reserved)
[    0.000000] SLUB: HWalign=64, Order=0-3, MinObjects=0, CPUs=2, Nodes=1
[    0.000000] Kernel/User page tables isolation: enabled
[    0.000000] ftrace: allocating 39508 entries in 155 pages
[    0.004000] Hierarchical RCU implementation.
[    0.004000] 	RCU restricting CPUs from NR_CPUS=8192 to nr_cpu_ids=2.
[    0.004000] 	Tasks RCU enabled.
[    0.004000] RCU: Adjusting geometry for rcu_fanout_leaf=16, nr_cpu_ids=2
[    0.004000] NR_IRQS: 524544, nr_irqs: 440, preallocated irqs: 16
[    0.004000] random: crng init done
[    0.004000] Console: colour VGA+ 80x25
[    0.004000] console [tty1] enabled
[    0.004000] console [ttyS0] enabled
[    0.004000] ACPI: Core revision 20170831
[    0.004000] ACPI: 2 ACPI AML tables successfully acquired and loaded
[    0.004000] APIC: Switch to symmetric I/O mode setup
[    0.004128] x2apic enabled
[    0.007208] Switched APIC routing to physical x2apic.
[    0.012000] ..TIMER: vector=0x30 apic1=0 pin1=2 apic2=-1 pin2=-1
[    0.012002] tsc: Detected 2907.472 MHz processor
[    0.014663] Calibrating delay loop (skipped) preset value.. 5814.94 BogoMIPS (lpj=11629888)
[    0.016002] pid_max: default: 32768 minimum: 301
[    0.020041] Security Framework initialized
[    0.024002] Yama: becoming mindful.
[    0.026145] AppArmor: AppArmor initialized
[    0.029239] Dentry cache hash table entries: 131072 (order: 8, 1048576 bytes)
[    0.032624] Inode-cache hash table entries: 65536 (order: 7, 524288 bytes)
[    0.036030] Mount-cache hash table entries: 2048 (order: 2, 16384 bytes)
[    0.040026] Mountpoint-cache hash table entries: 2048 (order: 2, 16384 bytes)
[    0.045157] Last level iTLB entries: 4KB 64, 2MB 8, 4MB 8
[    0.048002] Last level dTLB entries: 4KB 64, 2MB 0, 4MB 0, 1GB 4
[    0.052014] Spectre V1 : Mitigation: usercopy/swapgs barriers and __user pointer sanitization
[    0.056002] Spectre V2 : Mitigation: Retpolines
[    0.060001] Spectre V2 : Spectre v2 / SpectreRSB mitigation: Filling RSB on context switch
[    0.064001] Spectre V2 : Spectre v2 / SpectreRSB : Filling RSB on VMEXIT
[    0.068001] RETBleed: WARNING: Spectre v2 mitigation leaves CPU vulnerable to RETBleed attacks, data leaks possible!
[    0.072002] RETBleed: Vulnerable
[    0.076001] Speculative Store Bypass: Vulnerable
[    0.078701] MDS: Mitigation: Clear CPU buffers
[    0.080002] MMIO Stale Data: Mitigation: Clear CPU buffers
[    0.084014] SRBDS: Unknown: Dependent on hypervisor status
[    0.088142] Freeing SMP alternatives memory: 36K
[    0.203329] smpboot: CPU0: Intel(R) Core(TM) i9-8950HK CPU @ 2.90GHz (family: 0x6, model: 0x9e, stepping: 0xa)
[    0.204178] Performance Events: unsupported p6 CPU model 158 no PMU driver, software events only.
[    0.208063] Hierarchical SRCU implementation.
[    0.212142] NMI watchdog: Perf event create on CPU 0 failed with -2
[    0.215578] NMI watchdog: Perf NMI watchdog permanently disabled
[    0.216123] smp: Bringing up secondary CPUs ...
[    0.220460] x86: Booting SMP configuration:
[    0.224002] .... node  #0, CPUs:      #1
[    0.004000] kvm-clock: cpu 1, msr 0:3ff44041, secondary cpu clock
[    0.228211] smp: Brought up 1 node, 2 CPUs
[    0.232003] smpboot: Max logical packages: 1
[    0.234341] smpboot: Total of 2 processors activated (11629.88 BogoMIPS)
[    0.237433] devtmpfs: initialized
[    0.240059] x86/mm: Memory block size: 128MB
[    0.242568] evm: security.selinux
[    0.244002] evm: security.SMACK64
[    0.245884] evm: security.SMACK64EXEC
[    0.248002] evm: security.SMACK64TRANSMUTE
[    0.250270] evm: security.SMACK64MMAP
[    0.252002] evm: security.apparmor
[    0.253961] evm: security.ima
[    0.256002] evm: security.capability
[    0.258116] clocksource: jiffies: mask: 0xffffffff max_cycles: 0xffffffff, max_idle_ns: 7645041785100000 ns
[    0.264010] futex hash table entries: 512 (order: 3, 32768 bytes)
[    0.267330] pinctrl core: initialized pinctrl subsystem
[    0.268327] RTC time: 20:19:20, date: 07/22/25
[    0.272301] NET: Registered protocol family 16
[    0.276066] audit: initializing netlink subsys (disabled)
[    0.280071] audit: type=2000 audit(1753215565.076:1): state=initialized audit_enabled=0 res=1
[    0.284005] cpuidle: using governor ladder
[    0.286863] cpuidle: using governor menu
[    0.288041] ACPI: bus type PCI registered
[    0.290275] acpiphp: ACPI Hot Plug PCI Controller Driver version: 0.5
[    0.292294] PCI: Using configuration type 1 for base access
[    0.300208] HugeTLB registered 2.00 MiB page size, pre-allocated 0 pages
[    0.304232] ACPI: Added _OSI(Module Device)
[    0.308025] ACPI: Added _OSI(Processor Device)
[    0.310508] ACPI: Added _OSI(3.0 _SCP Extensions)
[    0.312007] ACPI: Added _OSI(Processor Aggregator Device)
[    0.314921] ACPI: Added _OSI(Linux-Dell-Video)
[    0.316002] ACPI: Added _OSI(Linux-Lenovo-NV-HDMI-Audio)
[    0.320002] ACPI: Added _OSI(Linux-HPI-Hybrid-Graphics)
[    0.323325] ACPI: Executed 1 blocks of module-level executable AML code
[    0.329587] ACPI: Interpreter enabled
[    0.331708] ACPI: (supports S0 S5)
[    0.332002] ACPI: Using IOAPIC for interrupt routing
[    0.334995] PCI: Using host bridge windows from ACPI; if necessary, use "pci=nocrs" and report a bug
[    0.336199] ACPI: Enabled 2 GPEs in block 00 to 07
[    0.348335] ACPI: PCI Root Bridge [PCI0] (domain 0000 [bus 00-ff])
[    0.351589] acpi PNP0A03:00: _OSC: OS supports [ASPM ClockPM Segments MSI]
[    0.352618] acpi PNP0A03:00: _OSC: not requesting OS control; OS requires [ExtendedConfig ASPM ClockPM MSI]
[    0.356009] acpi PNP0A03:00: fail to add MMCONFIG information, can't access extended PCI configuration space under this bridge.
[    0.360552] PCI host bridge to bus 0000:00
[    0.364003] pci_bus 0000:00: root bus resource [io  0x0000-0x0cf7 window]
[    0.368003] pci_bus 0000:00: root bus resource [io  0x0d00-0xffff window]
[    0.371659] pci_bus 0000:00: root bus resource [mem 0x000a0000-0x000bffff window]
[    0.372003] pci_bus 0000:00: root bus resource [mem 0x40000000-0xfdffffff window]
[    0.376003] pci_bus 0000:00: root bus resource [bus 00-ff]
[    0.385330] pci 0000:00:01.1: legacy IDE quirk: reg 0x10: [io  0x01f0-0x01f7]
[    0.388002] pci 0000:00:01.1: legacy IDE quirk: reg 0x14: [io  0x03f6]
[    0.392002] pci 0000:00:01.1: legacy IDE quirk: reg 0x18: [io  0x0170-0x0177]
[    0.396002] pci 0000:00:01.1: legacy IDE quirk: reg 0x1c: [io  0x0376]
[    0.453580] pci 0000:00:07.0: quirk: [io  0x4000-0x403f] claimed by PIIX4 ACPI
[    0.456031] pci 0000:00:07.0: quirk: [io  0x4100-0x410f] claimed by PIIX4 SMB
[    0.468020] ACPI: PCI Interrupt Link [LNKA] (IRQs 5 9 10 *11)
[    0.471553] ACPI: PCI Interrupt Link [LNKB] (IRQs 5 9 *10 11)
[    0.472162] ACPI: PCI Interrupt Link [LNKC] (IRQs 5 *9 10 11)
[    0.476166] ACPI: PCI Interrupt Link [LNKD] (IRQs 5 9 10 *11)
[    0.480416] SCSI subsystem initialized
[    0.484155] pci 0000:00:02.0: vgaarb: setting as boot VGA device
[    0.487464] pci 0000:00:02.0: vgaarb: VGA device added: decodes=io+mem,owns=io+mem,locks=none
[    0.488005] pci 0000:00:02.0: vgaarb: bridge control possible
[    0.492002] vgaarb: loaded
[    0.494393] ACPI: bus type USB registered
[    0.496021] usbcore: registered new interface driver usbfs
[    0.500021] usbcore: registered new interface driver hub
[    0.504009] usbcore: registered new device driver usb
[    0.508111] EDAC MC: Ver: 3.0.0
[    0.512047] PCI: Using ACPI for IRQ routing
[    0.514909] NetLabel: Initializing
[    0.516002] NetLabel:  domain hash size = 128
[    0.518423] NetLabel:  protocols = UNLABELED CIPSOv4 CALIPSO
[    0.520016] NetLabel:  unlabeled traffic allowed by default
[    0.524118] clocksource: Switched to clocksource kvm-clock
[    0.539141] VFS: Disk quotas dquot_6.6.0
[    0.548573] VFS: Dquot-cache hash table entries: 512 (order 0, 4096 bytes)
[    0.552388] AppArmor: AppArmor Filesystem Enabled
[    0.552535] pnp: PnP ACPI init
[    0.558298] pnp: PnP ACPI: found 3 devices
[    0.575809] clocksource: acpi_pm: mask: 0xffffff max_cycles: 0xffffff, max_idle_ns: 2085701024 ns
[    0.576177] NET: Registered protocol family 2
[    0.576177] IP idents hash table entries: 16384 (order: 5, 131072 bytes)
[    0.587161] TCP established hash table entries: 8192 (order: 4, 65536 bytes)
[    0.591058] TCP bind hash table entries: 8192 (order: 5, 131072 bytes)
[    0.594670] TCP: Hash tables configured (established 8192 bind 8192)
[    0.598264] UDP hash table entries: 512 (order: 2, 16384 bytes)
[    0.601467] UDP-Lite hash table entries: 512 (order: 2, 16384 bytes)
[    0.602081] NET: Registered protocol family 1
[    0.607422] pci 0000:00:00.0: Limiting direct PCI/PCI transfers
[    0.610613] pci 0000:00:01.0: Activating ISA DMA hang workarounds
[    0.611392] pci 0000:00:02.0: Video device with shadowed ROM at [mem 0x000c0000-0x000dffff]
[    0.618625] Unpacking initramfs...
[    0.922845] Freeing initrd memory: 19528K
[    0.927153] clocksource: tsc: mask: 0xffffffffffffffff max_cycles: 0x29e8d5cdd2b, max_idle_ns: 440795308834 ns
[    0.932353] platform rtc_cmos: registered platform RTC device (no PNP device found)
[    0.936497] Scanning for low memory corruption every 60 seconds
[    0.941036] Initialise system trusted keyrings
[    0.943470] Key type blacklist registered
[    0.946060] workingset: timestamp_bits=36 max_order=18 bucket_order=0
[    0.951407] zbud: loaded
[    0.953595] squashfs: version 4.0 (2009/01/31) Phillip Lougher
[    0.958233] fuse init (API version 7.26)
[    0.970281] Key type asymmetric registered
[    0.972609] Asymmetric key parser 'x509' registered
[    0.975285] Block layer SCSI generic (bsg) driver version 0.4 loaded (major 246)
[    0.979378] io scheduler noop registered
[    0.981634] io scheduler deadline registered
[    0.984010] io scheduler cfq registered (default)
[    0.987163] ACPI: AC Adapter [AC] (off-line)
[    0.989719] input: Power Button as /devices/LNXSYSTM:00/LNXPWRBN:00/input/input0
[    0.993864] ACPI: Power Button [PWRF]
[    0.996042] input: Sleep Button as /devices/LNXSYSTM:00/LNXSLPBN:00/input/input1
[    1.000627] ACPI: Sleep Button [SLPF]
[    1.005469] ACPI: Battery Slot [BAT0] (battery present)
[    1.008334] Serial: 8250/16550 driver, 32 ports, IRQ sharing enabled
[    1.038331]00:02: ttyS0 at I/O 0x3f8 (irq = 4, base_baud = 115200) is a 16550A
[    1.041742] Linux agpgart interace v0.103
[    1.048856] loop: module loaded
[    1.053705] scsi host0: ata_piix
[    1.056593] scsi host1: ata_piix
[    1.058636] ata1: PATA max UDMA/33 cmd 0x1f0 ctl 0x3f6 bmdma 0xd000 irq 14
[    1.060588] ata2: PATA max UDMA/33 cmd 0x170 ctl 0x376 bmdma 0xd008 irq 15
[    1.066566] tun: Universal TUN/TAP device driver, 1.6
[    1.070443] PPP generic driver version 2.4.2
[    1.073127] ehci_hcd: USB 2.0 'Enhanced' Host Controller (EHCI) Driver
[    1.076946] ehci-pci: EHCI PCI platform driver
[    1.079651] ehci-platform: EHCI generic platform driver
[    1.080917] ohci_hcd: USB 1.1 'Open' Host Controller (OHCI) Driver
[    1.086415] ohci-pci: OHCI PCI platform driver
[    1.090175] ohci-platform: OHCI generic platform driver
[    1.090393] uhci_hcd: USB Universal Host Controller Interface driver
[    1.097029] i8042: PNP: PS/2 Controller [PNP0303:PS2K,PNP0f03:PS2M] at 0x60,0x64 irq 1,12
[    1.104768] serio: i8042 KBD port at 0x60,0x64 irq 1
[    1.107929] serio: i8042 AUX port at 0x60,0x64 irq 12
[    1.108289] mousedev: PS/2 mouse device common for all mice
[    1.115368] input: AT Translated Set 2 keyboard as /devices/platform/i8042/serio0/input/input2
[    1.122968] rtc_cmos rtc_cmos: rtc core: registered rtc_cmos as rtc0
[    1.128349] rtc_cmos rtc_cmos: alarms up to one day, 114 bytes nvram
[    1.133058] i2c /dev entries driver
[    1.135205] device-mapper: uevent: version 1.0.3
[    1.138434] device-mapper: ioctl: 4.37.0-ioctl (2017-09-20) initialised: dm-devel@redhat.com
[    1.144645] ledtrig-cpu: registered to indicate activity on CPUs
[    1.150303] NET: Registered protocol family 10
[    1.159416] Segment Routing with IPv6
[    1.162336] NET: Registered protocol family 17
[    1.165425] Key type dns_resolver registered
[    1.169327] mce: Using 0 MCE banks
[    1.171476] RAS: Correctable Errors collector initialized.
[    1.174867] sched_clock: Marking stable (1174835056, 0)->(1601607463, -426772407)
[    1.181129] registered taskstats version 1
[    1.183374] Loading compiled-in X.509 certificates
[    1.191216] Loaded X.509 cert 'Build time autogenerated kernel key: b5b26778eaa3ab3a4a6cee031137706e947d12ad'
[    1.199161] Loaded X.509 cert 'Canonical Ltd. Live Patch Signing: 14df34d1a87cf37625abec039ef2bf521249b969'
[    1.206511] Loaded X.509 cert 'Canonical Ltd. Kernel Module Signing: 88f752e560a1e0737e31163a466ad7b70a850c19'
[    1.214058] blacklist: Loading compiled-in revocation X.509 certificates
[    1.218564] Loaded X.509 cert 'Canonical Ltd. Secure Boot Signing: 61482aa2830d0ab2ad5af10b7250da9033ddcef0'
[    1.234656] Loaded X.509 cert 'Canonical Ltd. Secure Boot Signing (2017): 242ade75ac4a15e50d50c84b0d45ff3eae707a03'
[    1.243373] Loaded X.509 cert 'Canonical Ltd. Secure Boot Signing (ESM 2018): 365188c1d374d6b07c3c8f240f8ef722433d6a8b'
[    1.251927] Loaded X.509 cert 'Canonical Ltd. Secure Boot Signing (2019): c0746fd6c5da3ae827864651ad66ae47fe24b3e8'
[    1.284846] Loaded X.509 cert 'Canonical Ltd. Secure Boot Signing (2021 v1): a8d54bbb3825cfb94fa13c9f8a594a195c107b8d'
[    1.291835] Loaded X.509 cert 'Canonical Ltd. Secure Boot Signing (2021 v2): 4cf046892d6fd3c9a5b03f98d845f90851dc6a8c'
[    1.298078] Loaded X.509 cert 'Canonical Ltd. Secure Boot Signing (2021 v3): 100437bb6de6e469b581e61cd66bce3ef4ed53af'
[    1.305324] Loaded X.509 cert 'Canonical Ltd. Secure Boot Signing (Ubuntu Core 2019): c1d57b8f6b743f23ee41f4f7ee292f06eecadfb9'
[    1.312139] zswap: loaded using pool lzo/zbud
[    1.321202] Key type big_key registered
[    1.323597] Key type trusted registered
[    1.329508] Key type encrypted registered
[    1.331854] AppArmor: AppArmor sha1 policy hashing enabled
[    1.336017] ima: No TPM chip found, activating TPM-bypass! (rc=-19)
[    1.339634] ima: Allocated hash algorithm: sha1
[    1.342221] evm: HMAC attrs: 0x1
[    1.345397]   Magic number: 1:55:347
[    1.347671]  pci0000:00: hash matches
[    1.350930] rtc_cmos rtc_cmos: setting system clock to 2025-07-22 20:19:21 UTC (1753215561)
[    1.357839] BIOS EDD facility v0.16 2004-Jun-25, 0 devices found
[    1.362262] EDD information not available.
[    1.369301] Freeing unused kernel image memory: 2480K
[    1.392838] Write protecting the kernel read-only data: 20480k
[    1.399359] Freeing unused kernel image memory: 2008K
[    1.402188] Freeing unused kernel image memory: 1820K
[    1.410908] x86/mm: Checked W+X mappings: passed, no W+X pages found.
[    1.416097] x86/mm: Checking user space page tables
[    1.424006] x86/mm: Checked W+X mappings: passed, no W+X pages found.
Loading, please wait...
starting version 237
[    1.506100] e1000: Intel(R) PRO/1000 Network Driver - version 7.3.21-k8-NAPI
[    1.510918] e1000: Copyright (c) 1999-2006 Intel Corporation.
[    1.514408] Fusion MPT base driver 3.04.20
[    1.517175] Copyright (c) 1999-2008 LSI Corporation
[    1.541210] AVX2 version of gcm_enc/dec engaged.
[    1.544210] AES CTR mode by8 optimization enabled
[    1.575419] Fusion MPT SPI Host driver 3.04.20
[    1.742049] input: ImExPS/2 Generic Explorer Mouse as /devices/platform/i8042/serio1/input/input4
[    2.006641] e1000 0000:00:03.0 eth0: (PCI:33MHz:32-bit) 02:3b:7b:b7:3b:2d
[    2.011042] e1000 0000:00:03.0 eth0: Intel(R) PRO/1000 Network Connection
[    2.016204] e1000 0000:00:03.0 enp0s3: renamed from eth0
[    2.020593] mptbase: ioc0: Initiating bringup
[    2.146455] ioc0: LSI53C1030 A0: Capabilities={Initiator}
[    2.458267] scsi host2: ioc0: LSI53C1030 A0, FwRev=00000000h, Ports=1, MaxQ=256, IRQ=20
[    2.694042] scsi 2:0:0:0: Direct-Access     VBOX     HARDDISK         1.0  PQ: 0 ANSI: 5
[    2.728440] scsi target2:0:0: Beginning Domain Validation
[    2.737649] scsi target2:0:0: Domain Validation skipping write tests
[    2.741966] scsi target2:0:0: Ending Domain Validation
[    2.745283] scsi target2:0:0: asynchronous
[    2.749563] scsi 2:0:1:0: Direct-Access     VBOX     HARDDISK         1.0  PQ: 0 ANSI: 5
[    2.784949] scsi target2:0:1: Beginning Domain Validation
[    2.794954] scsi target2:0:1: Domain Validation skipping write tests
[    2.798754] scsi target2:0:1: Ending Domain Validation
[    2.802549] scsi target2:0:1: asynchronous
[    2.813396] sd 2:0:0:0: Attached scsi generic sg0 type 0
[    2.813652] sd 2:0:0:0: [sda] 83886080 512-byte logical blocks: (42.9 GB/40.0 GiB)
[    2.817686] sd 2:0:1:0: Attached scsi generic sg1 type 0
[    2.821570] sd 2:0:0:0: [sda] Write Protect is off
[    2.830676] sd 2:0:0:0: [sda] Write cache: enabled, read cache: enabled, supports DPO and FUA
[    2.830698] sd 2:0:1:0: [sdb] 20480 512-byte logical blocks: (10.5 MB/10.0 MiB)
[    2.841988] sd 2:0:1:0: [sdb] Write Protect is off
[    2.844187]  sda: sda1
[    2.849931] sd 2:0:1:0: [sdb] Write cache: enabled, read cache: enabled, supports DPO and FUA
[    2.850757] sd 2:0:0:0: [sda] Attached SCSI disk
[    2.864214] sd 2:0:1:0: [sdb] Attached SCSI disk
Begin: Loading essential drivers ... [    4.704379] raid6: sse2x1   gen() 45292 MB/s
[    4.797458] raid6: sse2x1   xor() 10609 MB/s
[    4.986832] raid6: sse2x2   gen() 71428 MB/s
[    5.067202] raid6: sse2x2   xor() 19133 MB/s
[    5.200465] raid6: sse2x4   gen() 57337 MB/s
[    5.252608] raid6: sse2x4   xor() 12324 MB/s
[    5.386344] raid6: avx2x1   gen() 56524 MB/s
[    5.560320] raid6: avx2x1   xor() 48102 MB/s
[    5.636845] raid6: avx2x2   gen() 56978 MB/s
[    5.864584] raid6: avx2x2   xor() 74897 MB/s
[    6.147719] raid6: avx2x4   gen() 46922 MB/s
[    6.243330] raid6: avx2x4   xor() 34358 MB/s
[    6.249896] raid6: using algorithm sse2x2 gen() 71428 MB/s
[    6.255526] raid6: .... xor() 19133 MB/s, rmw enabled
[    6.259370] raid6: using avx2x2 recovery algorithm
[    6.263926] xor: automatically using best checksumming function   avx       
[    6.269872] async_tx: api initialized (async)
done.
Begin: Running /scripts/init-premount ... done.
Begin: Mounting root file system ... Begin: Running /scripts/local-top ... done.
Begin: Running /scripts/local-premount ... [    6.323079] Btrfs loaded, crc32c=crc32c-intel
Scanning for Btrfs filesystems
done.
Warning: fsck not present, so skipping root file system
[    6.356883] EXT4-fs (sda1): mounted filesystem with ordered data mode. Opts: (null)
done.
Begin: Running /scripts/local-bottom ... done.
Begin: Running /scripts/init-bottom ... done.
[    6.595638] ip_tables: (C) 2000-2006 Netfilter Core Team
[    6.611936] systemd[1]: systemd 237 running in system mode. (+PAM +AUDIT +SELINUX +IMA +APPARMOR +SMACK +SYSVINIT +UTMP +LIBCRYPTSETUP +GCRYPT +GNUTLS +ACL +XZ +LZ4 +SECCOMP +BLKID +ELFUTILS +KMOD -IDN2 +IDN -PCRE2 default-hierarchy=hybrid)
[    6.626376] systemd[1]: Detected virtualization oracle.
[    6.629425] systemd[1]: Detected architecture x86-64.

Welcome to [1mUbuntu 18.04.6 LTS[0m!

[    6.647991] systemd[1]: Set hostname to <ubuntu-bionic>.
[    6.939653] systemd[1]: Reached target User and Group Name Lookups.
[[0;32m  OK  [0m] Reached target User and Group Name Lookups.
[    6.945708] systemd[1]: Reached target Swap.
[[0;32m  OK  [0m] Reached target Swap.
[    6.950053] systemd[1]: Reached target System Time Synchronized.
[[0;32m  OK  [0m] Reached target System Time Synchronized.
[    6.960577] systemd[1]: Created slice User and Session Slice.
[[0;32m  OK  [0m] Created slice User and Session Slice.
[    6.965848] systemd[1]: Started Forward Password Requests to Wall Directory Watch.
[[0;32m  OK  [0m] Started Forward Password Requests to Wall Directory Watch.
[    6.973227] systemd[1]: Set up automount Arbitrary Executable File Formats File System Automount Point.
[[0;32m  OK  [0m] Set up automount Arbitrary Executab…rmats File System Automount Point.
[[0;32m  OK  [0m] Reached target Mounting snaps.
[[0;32m  OK  [0m] Reached target Mounted snaps.
[[0;32m  OK  [0m] Created slice System Slice.
[[0;32m  OK  [0m] Listening on udev Kernel Socket.
[[0;32m  OK  [0m] Listening on Journal Socket (/dev/log).
[[0;32m  OK  [0m] Listening on Journal Audit Socket.
[[0;32m  OK  [0m] Reached target Slices.
[[0;32m  OK  [0m] Listening on LVM2 poll daemon socket.
[[0;32m  OK  [0m] Listening on Device-mapper event daemon FIFOs.
[[0;32m  OK  [0m] Listening on udev Control Socket.
[[0;32m  OK  [0m] Listening on LVM2 metadata daemon socket.
[[0;32m  OK  [0m] Listening on Journal Socket.
         Mounting Kernel Debug File System...
         Starting Monitoring of LVM2 mirrors…ng dmeventd or progress polling...
         Starting Load Kernel Modules...
         Starting udev Coldplug all Devices...
[[0;32m  OK  [0m] Created slice system-serial\x2dgetty.slice.
         Starting Uncomplicated firewall...
[[0;32m  OK  [0m] Listening on /dev/initctl Compatibility Named Pipe.
         Mounting POSIX Message Queue File System...
         Starting Create list of required st…ce nodes for the current kernel...
[[0;32m  OK  [0m] Listening on Syslog Socket.
         Starting Journal Service...
[[0;32m  OK  [0m] Listening on fsck to fsckd communication Socket.
         Starting File System Check on Root Device...
         Mounting Huge Pages File System...
[[0;32m  OK  [0m] Listening on Network Service Netlink Socket.
         Starting Set the console keyboard layout...
[[0;32m  OK  [0m] Mounted Kernel Debug File System.
[[0;32m  OK  [0m] Started Uncomplicated firewall.
[[0;32m  OK  [0m] Mounted POSIX Message Queue File System.
[[0;32m  OK  [0m] Mounted Huge Pages File System.
[    7.100255] Loading iSCSI transport class v2.0-870.
[[0;32m  OK  [0m] Started LVM2 metadata daemon.
[[0;32m  OK  [0m] Started File System Check Daemon to report status.
[[0;32m  OK  [0m] Started Create list of required sta…vice nodes for the current kernel.
         Starting Create Static Device Nodes in /dev...
[[0;32m  OK  [0m] Started Journal Service.
[    7.155093] iscsi: registered transport (tcp)
[[0;32m  OK  [0m] Started udev Coldplug all Devices.
[[0;32m  OK  [0m] Started Create Static Device Nodes in /dev.
[    7.259745] iscsi: registered transport (iser)
[[0;32m  OK  [0m] Started Load Kernel Modules.
         Mounting Kernel Configuration File System...
         Mounting FUSE Control File System...
         Starting Apply Kernel Variables...
[[0;32m  OK  [0m] Mounted Kernel Configuration File System.
[[0;32m  OK  [0m] Mounted FUSE Control File System.
[[0;32m  OK  [0m] Started Monitoring of LVM2 mirrors,…sing dmeventd or progress polling.
[[0;32m  OK  [0m] Started File System Check on Root Device.
         Starting Remount Root and Kernel File Systems...
[[0;32m  OK  [0m] Started Remount Root and Kernel File Systems.
         Starting Load/Save Random Seed...
         Starting udev Kernel Device Manager...
         Starting Flush Journal to Persistent Storage...
[[0;32m  OK  [0m] Started Apply Kernel Variables.
[[0;32m  OK  [0m] Started Load/Save Random Seed.
[[0;32m  OK  [0m] Started udev Kernel Device Manager.
[[0;32m  OK  [0m] Started Set the console keyboard layout.
[[0;32m  OK  [0m] Started Dispatch Password Requests to Console Directory Watch.
[[0;32m  OK  [0m] Reached target Local Encrypted Volumes.
[[0;32m  OK  [0m] Reached target Local File Systems (Pre).
[[0;32m  OK  [0m] Reached target Local File Systems.
         Starting Tell Plymouth To Write Out Runtime Data...
         Starting Set console font and keymap...
         Starting AppArmor initialization...
         Starting ebtables ruleset management...
[[0;32m  OK  [0m] Started Set console font and keymap.
[[0;32m  OK  [0m] Started Tell Plymouth To Write Out Runtime Data.
[[0;32m  OK  [0m] Started Flush Journal to Persistent Storage.
         Starting Create Volatile Files and Directories...
[[0;32m  OK  [0m] Started Create Volatile Files and Directories.
         Starting Update UTMP about System Boot/Shutdown...
[[0;32m  OK  [0m] Started Update UTMP about System Boot/Shutdown.
[[0;32m  OK  [0m] Started ebtables ruleset management.
[[0;32m  OK  [0m] Found device /dev/ttyS0.
[[0;32m  OK  [0m] Listening on Load/Save RF Kill Switch Status /dev/rfkill Watch.
[[0;32m  OK  [0m] Started AppArmor initialization.
         Mounting Arbitrary Executable File Formats File System...
         Starting Load AppArmor profiles managed internally by snapd...
         Starting Initial cloud-init job (pre-networking)...
[[0;32m  OK  [0m] Mounted Arbitrary Executable File Formats File System.
[[0;32m  OK  [0m] Started Load AppArmor profiles managed internally by snapd.
[    9.283680] cloud-init[569]: Cloud-init v. 23.1.2-0ubuntu0~18.04.1 running 'init-local' at Tue, 22 Jul 2025 20:19:29 +0000. Up 9.08 seconds.
[[0;32m  OK  [0m] Started Initial cloud-init job (pre-networking).
[[0;32m  OK  [0m] Reached target Network (Pre).
         Starting Network Service...
[[0;32m  OK  [0m] Started Network Service.
         Starting Network Name Resolution...
         Starting Wait for Network to be Configured...
[[0;32m  OK  [0m] Started Network Name Resolution.
[[0;32m  OK  [0m] Reached target Host and Network Name Lookups.
[[0;32m  OK  [0m] Reached target Network.
[[0;32m  OK  [0m] Started Wait for Network to be Configured.
         Starting Initial cloud-init job (metadata service crawler)...
[   10.954524] cloud-init[677]: Cloud-init v. 23.1.2-0ubuntu0~18.04.1 running 'init' at Tue, 22 Jul 2025 20:19:30 +0000. Up 10.81 seconds.
[   10.958306] cloud-init[677]: ci-info: +++++++++++++++++++++++++++++++++++++++++++Net device info++++++++++++++++++++++++++++++++++++++++++++
[   10.961558] cloud-init[677]: ci-info: +--------+------+---------------------------------------+---------------+--------+-------------------+
[   10.965402] cloud-init[677]: ci-info: | Device |  Up  |                Address                |      Mask     | Scope  |     Hw-Address    |
[   10.968441] cloud-init[677]: ci-info: +--------+------+---------------------------------------+---------------+--------+-------------------+
[   10.971429] cloud-init[677]: ci-info: | enp0s3 | True |               10.0.2.15               | 255.255.255.0 | global | 02:3b:7b:b7:3b:2d |
[   10.974598] cloud-init[677]: ci-info: | enp0s3 | True | fd17:625c:f037:2:3b:7bff:feb7:3b2d/64 |       .       | global | 02:3b:7b:b7:3b:2d |
[   10.978102] cloud-init[677]: ci-info: | enp0s3 | True |       fe80::3b:7bff:feb7:3b2d/64      |       .       |  link  | 02:3b:7b:b7:3b:2d |
[   10.981332] cloud-init[677]: ci-info: |   lo   | True |               127.0.0.1               |   255.0.0.0   |  host  |         .         |
[   10.984511] cloud-init[677]: ci-info: |   lo   | True |                ::1/128                |       .       |  host  |         .         |
[   10.989033] cloud-init[677]: ci-info: +--------+------+---------------------------------------+---------------+--------+-------------------+
[   10.992822] cloud-init[677]: ci-info: ++++++++++++++++++++++++++++Route IPv4 info+++++++++++++++++++++++++++++
[   10.995421] cloud-init[677]: ci-info: +-------+-------------+----------+-----------------+-----------+-------+
[   10.997930] cloud-init[677]: ci-info: | Route | Destination | Gateway  |     Genmask     | Interface | Flags |
[   11.001577] cloud-init[677]: ci-info: +-------+-------------+----------+-----------------+-----------+-------+
[   11.004191] cloud-init[677]: ci-info: |   0   |   0.0.0.0   | 10.0.2.2 |     0.0.0.0     |   enp0s3  |   UG  |
[   11.006862] cloud-init[677]: ci-info: |   1   |   10.0.2.0  | 0.0.0.0  |  255.255.255.0  |   enp0s3  |   U   |
[   11.010149] cloud-init[677]: ci-info: |   2   |   10.0.2.2  | 0.0.0.0  | 255.255.255.255 |   enp0s3  |   UH  |
[   11.014468] cloud-init[677]: ci-info: +-------+-------------+----------+-----------------+-----------+-------+
[   11.017165] cloud-init[677]: ci-info: ++++++++++++++++++++++++Route IPv6 info++++++++++++++++++++++++
[   11.019378] cloud-init[677]: ci-info: +-------+-----------------------+---------+-----------+-------+
[   11.021792] cloud-init[677]: ci-info: | Route |      Destination      | Gateway | Interface | Flags |
[   11.024052] cloud-init[677]: ci-info: +-------+-----------------------+---------+-----------+-------+
[   11.026317] cloud-init[677]: ci-info: |   1   | fd17:625c:f037:2::/64 |    ::   |   enp0s3  |   U   |
[   11.028873] cloud-init[677]: ci-info: |   2   |       fe80::/64       |    ::   |   enp0s3  |   U   |
[   11.031066] cloud-init[677]: ci-info: |   3   |          ::/0         | fe80::2 |   enp0s3  |   UG  |
[   11.034282] cloud-init[677]: ci-info: |   5   |         local         |    ::   |   enp0s3  |   U   |
[   11.036674] cloud-init[677]: ci-info: |   6   |        ff00::/8       |    ::   |   enp0s3  |   U   |
[   11.038852] cloud-init[677]: ci-info: +-------+-----------------------+---------+-----------+-------+
[[0;32m  OK  [0m] Started Initial cloud-init job (metadata service crawler).
[[0;32m  OK  [0m] Reached target Network is Online.
[[0;32m  OK  [0m] Reached target Remote File Systems (Pre).
         Starting Availability of block devices...
         Mounting /vagrant...
[[0;32m  OK  [0m] Reached target System Initialization.
         Starting LXD - unix socket.
[[0;32m  OK  [0m] Started Daily Cleanup of Temporary Directories.
[[0;32m  OK  [0m] Listening on cloud-init hotplug hook socket.
[[0;32m  OK  [0m] Listening on ACPID Listen Socket.
[[0;32m  OK  [0m] Started ACPI Events Check.
[[0;32m  OK  [0m] Reached target Paths.
[[0;32m  OK  [0m] Listening on D-Bus System Message Bus Socket.
[[0;32m  OK  [0m] Started Daily apt upgrade and clean activities.
         Starting Socket activation for snappy daemon.
[[0;32m  OK  [0m] Started Message of the Day.
[[0;32m  OK  [0m] Listening on UUID daemon activation socket.
[[0;32m  OK  [0m] Started Discard unused blocks once a week.
[[0;32m  OK  [0m] Started Ubuntu Advantage Timer for running repeated jobs.
[[0;32m  OK  [0m] Listening on Open-iSCSI iscsid Socket.
[[0;32m  OK  [0m] Reached target Timers.
[[0;32m  OK  [0m] Reached target Cloud-config availability.
[[0;32m  OK  [0m] Listening on LXD - unix socket.
[[0;32m  OK  [0m] Listening on Socket activation for snappy daemon.
[[0;32m  OK  [0m] Reached target Sockets.
[[0;32m  OK  [0m] Reached target Basic System.
         Starting Login Service...
[[0;32m  OK  [0m] Started irqbalance daemon.
         Starting LXD - container startup/shutdown...
         Starting System Logging Service...
         Starting Dispatcher daemon for systemd-networkd...
[[0;32m  OK  [0m] Started Regular background program processing daemon.
         Starting OpenBSD Secure Shell server...
[[0;32m  OK  [0m] Reached target Login Prompts (Pre).
[[0;32m  OK  [0m] Started D-Bus System Message Bus.
[[0;32m  OK  [0m] Started Login Service.
[[0;32m  OK  [0m] Started Unattended Upgrades Shutdown.
[[0;32m  OK  [0m] Started Deferred execution scheduler.
         Starting Virtualbox guest utils...
         Starting Accounts Service...
         Starting Snap Daemon...
         Starting LSB: Record successful boot for GRUB...
[[0;32m  OK  [0m] Started FUSE filesystem for LXC.
[[0;32m  OK  [0m] Started System Logging Service.
[[0;32m  OK  [0m] Started Availability of block devices.
[[0;32m  OK  [0m] Mounted /vagrant.
[[0;32m  OK  [0m] Started OpenBSD Secure Shell server.
         Starting Hostname Service...
[[0;32m  OK  [0m] Reached target Remote File Systems.
         Starting LSB: automatic crash report generation...
         Starting Permit User Sessions...
[[0;32m  OK  [0m] Started Permit User Sessions.
         Starting Hold until boot process finishes up...
         Starting Terminate Plymouth Boot Screen...
         Starting Authorization Manager...
[[0;32m  OK  [0m] Started Hold until boot process finishes up.
[[0;32m  OK  [0m] Started Serial Getty on ttyS0.
         Starting Set console scheme...
[[0;32m  OK  [0m] Started Terminate Plymouth Boot Screen.
[[0;32m  OK  [0m] Started Authorization Manager.
[[0;32m  OK  [0m] Started Accounts Service.
[[0;32m  OK  [0m] Started Set console scheme.
[[0;32m  OK  [0m] Created slice system-getty.slice.
[[0;32m  OK  [0m] Started Getty on tty1.
[[0;32m  OK  [0m] Reached target Login Prompts.
[[0;32m  OK  [0m] Started Hostname Service.
[[0;32m  OK  [0m] Started Virtualbox guest utils.
[[0;32m  OK  [0m] Started LSB: Record successful boot for GRUB.
[[0;32m  OK  [0m] Started Dispatcher daemon for systemd-networkd.
[[0;32m  OK  [0m] Started LSB: automatic crash report generation.
[[0;32m  OK  [0m] Started LXD - container startup/shutdown.
[[0;32m  OK  [0m] Created slice User Slice of vagrant.
         Starting User Manager for UID 1000...
[[0;32m  OK  [0m] Started Session 1 of user vagrant.
[[0;32m  OK  [0m] Started User Manager for UID 1000.
[[0;32m  OK  [0m] Started Snap Daemon.
         Starting Wait until snapd is fully seeded...
         Starting Time & Date Service...
[[0;32m  OK  [0m] Started Time & Date Service.
[[0;32m  OK  [0m] Started Wait until snapd is fully seeded.
         Starting Apply the settings specified in cloud-config...
[   13.217148] cloud-init[1194]: Cloud-init v. 23.1.2-0ubuntu0~18.04.1 running 'modules:config' at Tue, 22 Jul 2025 20:19:33 +0000. Up 13.08 seconds.
[[0;32m  OK  [0m] Started Apply the settings specified in cloud-config.
[[0;32m  OK  [0m] Reached target Multi-User System.
[[0;32m  OK  [0m] Reached target Graphical Interface.
         Starting Update UTMP about System Runlevel Changes...
         Starting Execute cloud user/final scripts...
[[0;32m  OK  [0m] Started Update UTMP about System Runlevel Changes.
[   13.906338] cloud-init[1262]: Cloud-init v. 23.1.2-0ubuntu0~18.04.1 running 'modules:final' at Tue, 22 Jul 2025 20:19:33 +0000. Up 13.75 seconds.
[   13.912045] cloud-init[1262]: Cloud-init v. 23.1.2-0ubuntu0~18.04.1 finished at Tue, 22 Jul 2025 20:19:34 +0000. Datasource DataSourceNoCloud [seed=/dev/sdb][dsmode=net].  Up 13.89 seconds
[[0;32m  OK  [0m] Started Execute cloud user/final scripts.
[[0;32m  OK  [0m] Reached target Cloud-init target.

Ubuntu 18.04.6 LTS ubuntu-bionic ttyS0

ubuntu-bionic login: 